{"/Users/dan/Google Drive/Documents/Work/Makers/Projects/week10/GildedRose-Refactoring-Kata/js-jasmine/spec/shop_spec.js":{"path":"/Users/dan/Google Drive/Documents/Work/Makers/Projects/week10/GildedRose-Refactoring-Kata/js-jasmine/spec/shop_spec.js","s":{"1":1,"2":1,"3":1,"4":1,"5":1,"6":1,"7":1,"8":5,"9":1,"10":1,"11":1,"12":1,"13":1,"14":1,"15":1,"16":1,"17":1,"18":1,"19":1,"20":1,"21":1,"22":1,"23":1,"24":1,"25":1,"26":1,"27":1,"28":1,"29":1,"30":1,"31":1,"32":2,"33":1,"34":1,"35":1,"36":1,"37":1,"38":1,"39":1,"40":1,"41":1,"42":1,"43":1,"44":1,"45":1,"46":1,"47":1,"48":1,"49":1,"50":1,"51":1,"52":1,"53":4,"54":1,"55":1,"56":1,"57":1,"58":1,"59":1,"60":1,"61":1,"62":1,"63":1,"64":1,"65":1,"66":1,"67":1,"68":1,"69":1,"70":1,"71":1,"72":1,"73":1,"74":1,"75":1,"76":2,"77":1,"78":1,"79":1,"80":1,"81":1,"82":1,"83":1,"84":1,"85":1,"86":1},"b":{},"f":{},"fnMap":{},"statementMap":{"1":{"start":{"line":1,"column":0},"end":{"line":1,"column":41}},"2":{"start":{"line":3,"column":0},"end":{"line":121,"column":3}},"3":{"start":{"line":4,"column":2},"end":{"line":8,"column":4}},"4":{"start":{"line":9,"column":2},"end":{"line":9,"column":38}},"5":{"start":{"line":10,"column":2},"end":{"line":120,"column":5}},"6":{"start":{"line":11,"column":4},"end":{"line":41,"column":7}},"7":{"start":{"line":12,"column":6},"end":{"line":14,"column":9}},"8":{"start":{"line":13,"column":8},"end":{"line":13,"column":26}},"9":{"start":{"line":15,"column":6},"end":{"line":18,"column":9}},"10":{"start":{"line":16,"column":8},"end":{"line":16,"column":49}},"11":{"start":{"line":17,"column":8},"end":{"line":17,"column":45}},"12":{"start":{"line":19,"column":6},"end":{"line":23,"column":9}},"13":{"start":{"line":20,"column":8},"end":{"line":20,"column":24}},"14":{"start":{"line":21,"column":8},"end":{"line":21,"column":49}},"15":{"start":{"line":22,"column":8},"end":{"line":22,"column":47}},"16":{"start":{"line":24,"column":6},"end":{"line":29,"column":9}},"17":{"start":{"line":25,"column":8},"end":{"line":25,"column":24}},"18":{"start":{"line":26,"column":8},"end":{"line":26,"column":25}},"19":{"start":{"line":27,"column":8},"end":{"line":27,"column":49}},"20":{"start":{"line":28,"column":8},"end":{"line":28,"column":48}},"21":{"start":{"line":30,"column":6},"end":{"line":35,"column":9}},"22":{"start":{"line":31,"column":8},"end":{"line":31,"column":24}},"23":{"start":{"line":32,"column":8},"end":{"line":32,"column":25}},"24":{"start":{"line":33,"column":8},"end":{"line":33,"column":49}},"25":{"start":{"line":34,"column":8},"end":{"line":34,"column":48}},"26":{"start":{"line":36,"column":6},"end":{"line":40,"column":9}},"27":{"start":{"line":37,"column":8},"end":{"line":37,"column":25}},"28":{"start":{"line":38,"column":8},"end":{"line":38,"column":49}},"29":{"start":{"line":39,"column":8},"end":{"line":39,"column":44}},"30":{"start":{"line":43,"column":4},"end":{"line":58,"column":7}},"31":{"start":{"line":44,"column":6},"end":{"line":46,"column":9}},"32":{"start":{"line":45,"column":8},"end":{"line":45,"column":32}},"33":{"start":{"line":47,"column":6},"end":{"line":52,"column":9}},"34":{"start":{"line":48,"column":8},"end":{"line":48,"column":24}},"35":{"start":{"line":49,"column":8},"end":{"line":49,"column":25}},"36":{"start":{"line":50,"column":8},"end":{"line":50,"column":49}},"37":{"start":{"line":51,"column":8},"end":{"line":51,"column":48}},"38":{"start":{"line":53,"column":6},"end":{"line":57,"column":9}},"39":{"start":{"line":54,"column":8},"end":{"line":54,"column":26}},"40":{"start":{"line":55,"column":8},"end":{"line":55,"column":49}},"41":{"start":{"line":56,"column":8},"end":{"line":56,"column":45}},"42":{"start":{"line":60,"column":4},"end":{"line":71,"column":7}},"43":{"start":{"line":61,"column":6},"end":{"line":63,"column":9}},"44":{"start":{"line":62,"column":8},"end":{"line":62,"column":49}},"45":{"start":{"line":64,"column":6},"end":{"line":70,"column":9}},"46":{"start":{"line":65,"column":8},"end":{"line":65,"column":24}},"47":{"start":{"line":66,"column":8},"end":{"line":66,"column":25}},"48":{"start":{"line":67,"column":8},"end":{"line":67,"column":49}},"49":{"start":{"line":68,"column":8},"end":{"line":68,"column":43}},"50":{"start":{"line":69,"column":8},"end":{"line":69,"column":44}},"51":{"start":{"line":73,"column":4},"end":{"line":101,"column":7}},"52":{"start":{"line":74,"column":6},"end":{"line":76,"column":9}},"53":{"start":{"line":75,"column":8},"end":{"line":75,"column":64}},"54":{"start":{"line":77,"column":6},"end":{"line":82,"column":9}},"55":{"start":{"line":78,"column":8},"end":{"line":78,"column":25}},"56":{"start":{"line":79,"column":8},"end":{"line":79,"column":25}},"57":{"start":{"line":80,"column":8},"end":{"line":80,"column":49}},"58":{"start":{"line":81,"column":8},"end":{"line":81,"column":44}},"59":{"start":{"line":83,"column":6},"end":{"line":88,"column":9}},"60":{"start":{"line":84,"column":8},"end":{"line":84,"column":24}},"61":{"start":{"line":85,"column":8},"end":{"line":85,"column":25}},"62":{"start":{"line":86,"column":8},"end":{"line":86,"column":49}},"63":{"start":{"line":87,"column":8},"end":{"line":87,"column":44}},"64":{"start":{"line":89,"column":6},"end":{"line":94,"column":9}},"65":{"start":{"line":90,"column":8},"end":{"line":90,"column":24}},"66":{"start":{"line":91,"column":8},"end":{"line":91,"column":25}},"67":{"start":{"line":92,"column":8},"end":{"line":92,"column":49}},"68":{"start":{"line":93,"column":8},"end":{"line":93,"column":44}},"69":{"start":{"line":95,"column":6},"end":{"line":100,"column":9}},"70":{"start":{"line":96,"column":8},"end":{"line":96,"column":24}},"71":{"start":{"line":97,"column":8},"end":{"line":97,"column":25}},"72":{"start":{"line":98,"column":8},"end":{"line":98,"column":49}},"73":{"start":{"line":99,"column":8},"end":{"line":99,"column":44}},"74":{"start":{"line":103,"column":4},"end":{"line":119,"column":7}},"75":{"start":{"line":104,"column":6},"end":{"line":106,"column":9}},"76":{"start":{"line":105,"column":8},"end":{"line":105,"column":38}},"77":{"start":{"line":107,"column":6},"end":{"line":112,"column":9}},"78":{"start":{"line":108,"column":8},"end":{"line":108,"column":24}},"79":{"start":{"line":109,"column":8},"end":{"line":109,"column":25}},"80":{"start":{"line":110,"column":8},"end":{"line":110,"column":49}},"81":{"start":{"line":111,"column":8},"end":{"line":111,"column":48}},"82":{"start":{"line":113,"column":6},"end":{"line":118,"column":9}},"83":{"start":{"line":114,"column":8},"end":{"line":114,"column":24}},"84":{"start":{"line":115,"column":8},"end":{"line":115,"column":25}},"85":{"start":{"line":116,"column":8},"end":{"line":116,"column":49}},"86":{"start":{"line":117,"column":8},"end":{"line":117,"column":48}}},"branchMap":{}},"/Users/dan/Google Drive/Documents/Work/Makers/Projects/week10/GildedRose-Refactoring-Kata/js-jasmine/src/shop.js":{"path":"/Users/dan/Google Drive/Documents/Work/Makers/Projects/week10/GildedRose-Refactoring-Kata/js-jasmine/src/shop.js","s":{"1":1,"2":1,"3":1,"4":4,"5":1,"6":1,"7":1,"8":1,"9":14,"10":14,"11":14,"12":14,"13":14,"14":14,"15":14,"16":14,"17":40,"18":9,"19":5,"20":14,"21":13,"22":14,"23":14,"24":14,"25":1,"26":14,"27":1,"28":1},"b":{"1":[9,31],"2":[13,1],"3":[1,13],"4":[1,13]},"f":{"1":4,"2":1,"3":14,"4":14,"5":14,"6":14,"7":14,"8":14,"9":14,"10":14},"fnMap":{"1":{"name":"(anonymous_1)","line":6,"loc":{"start":{"line":6,"column":46},"end":{"line":6,"column":62}}},"2":{"name":"(anonymous_2)","line":12,"loc":{"start":{"line":12,"column":13},"end":{"line":12,"column":26}}},"3":{"name":"(anonymous_3)","line":17,"loc":{"start":{"line":17,"column":15},"end":{"line":17,"column":18}}},"4":{"name":"(anonymous_4)","line":24,"loc":{"start":{"line":24,"column":13},"end":{"line":24,"column":20}}},"5":{"name":"(anonymous_5)","line":29,"loc":{"start":{"line":29,"column":20},"end":{"line":29,"column":27}}},"6":{"name":"(anonymous_6)","line":34,"loc":{"start":{"line":34,"column":29},"end":{"line":34,"column":36}}},"7":{"name":"(anonymous_7)","line":43,"loc":{"start":{"line":43,"column":19},"end":{"line":43,"column":26}}},"8":{"name":"(anonymous_8)","line":49,"loc":{"start":{"line":49,"column":21},"end":{"line":49,"column":28}}},"9":{"name":"(anonymous_9)","line":54,"loc":{"start":{"line":54,"column":18},"end":{"line":54,"column":25}}},"10":{"name":"(anonymous_10)","line":60,"loc":{"start":{"line":60,"column":18},"end":{"line":60,"column":25}}}},"statementMap":{"1":{"start":{"line":1,"column":0},"end":{"line":2,"column":27}},"2":{"start":{"line":4,"column":0},"end":{"line":4,"column":19}},"3":{"start":{"line":6,"column":0},"end":{"line":8,"column":3}},"4":{"start":{"line":7,"column":2},"end":{"line":7,"column":46}},"5":{"start":{"line":10,"column":0},"end":{"line":10,"column":53}},"6":{"start":{"line":13,"column":4},"end":{"line":13,"column":23}},"7":{"start":{"line":14,"column":4},"end":{"line":14,"column":26}},"8":{"start":{"line":15,"column":4},"end":{"line":15,"column":25}},"9":{"start":{"line":18,"column":4},"end":{"line":20,"column":6}},"10":{"start":{"line":19,"column":6},"end":{"line":19,"column":28}},"11":{"start":{"line":21,"column":4},"end":{"line":21,"column":22}},"12":{"start":{"line":25,"column":4},"end":{"line":25,"column":34}},"13":{"start":{"line":26,"column":4},"end":{"line":26,"column":33}},"14":{"start":{"line":30,"column":4},"end":{"line":30,"column":43}},"15":{"start":{"line":31,"column":4},"end":{"line":31,"column":35}},"16":{"start":{"line":35,"column":4},"end":{"line":39,"column":5}},"17":{"start":{"line":36,"column":6},"end":{"line":38,"column":7}},"18":{"start":{"line":37,"column":8},"end":{"line":37,"column":81}},"19":{"start":{"line":40,"column":4},"end":{"line":40,"column":67}},"20":{"start":{"line":44,"column":4},"end":{"line":46,"column":5}},"21":{"start":{"line":45,"column":6},"end":{"line":45,"column":36}},"22":{"start":{"line":50,"column":4},"end":{"line":50,"column":32}},"23":{"start":{"line":51,"column":4},"end":{"line":51,"column":32}},"24":{"start":{"line":55,"column":4},"end":{"line":57,"column":5}},"25":{"start":{"line":56,"column":6},"end":{"line":56,"column":38}},"26":{"start":{"line":61,"column":4},"end":{"line":63,"column":5}},"27":{"start":{"line":62,"column":6},"end":{"line":62,"column":38}},"28":{"start":{"line":66,"column":0},"end":{"line":68,"column":2}}},"branchMap":{"1":{"line":36,"type":"if","locations":[{"start":{"line":36,"column":6},"end":{"line":36,"column":6}},{"start":{"line":36,"column":6},"end":{"line":36,"column":6}}]},"2":{"line":44,"type":"if","locations":[{"start":{"line":44,"column":4},"end":{"line":44,"column":4}},{"start":{"line":44,"column":4},"end":{"line":44,"column":4}}]},"3":{"line":55,"type":"if","locations":[{"start":{"line":55,"column":4},"end":{"line":55,"column":4}},{"start":{"line":55,"column":4},"end":{"line":55,"column":4}}]},"4":{"line":61,"type":"if","locations":[{"start":{"line":61,"column":4},"end":{"line":61,"column":4}},{"start":{"line":61,"column":4},"end":{"line":61,"column":4}}]}}},"/Users/dan/Google Drive/Documents/Work/Makers/Projects/week10/GildedRose-Refactoring-Kata/js-jasmine/src/item_types/aged_brie_update.js":{"path":"/Users/dan/Google Drive/Documents/Work/Makers/Projects/week10/GildedRose-Refactoring-Kata/js-jasmine/src/item_types/aged_brie_update.js","s":{"1":1,"2":1,"3":2,"4":0,"5":2},"b":{"1":[0,2]},"f":{"1":2},"fnMap":{"1":{"name":"(anonymous_1)","line":2,"loc":{"start":{"line":2,"column":24},"end":{"line":2,"column":42}}}},"statementMap":{"1":{"start":{"line":1,"column":0},"end":{"line":1,"column":36}},"2":{"start":{"line":2,"column":0},"end":{"line":8,"column":2}},"3":{"start":{"line":3,"column":2},"end":{"line":7,"column":3}},"4":{"start":{"line":4,"column":4},"end":{"line":4,"column":13}},"5":{"start":{"line":6,"column":4},"end":{"line":6,"column":13}}},"branchMap":{"1":{"line":3,"type":"if","locations":[{"start":{"line":3,"column":2},"end":{"line":3,"column":2}},{"start":{"line":3,"column":2},"end":{"line":3,"column":2}}]}}},"/Users/dan/Google Drive/Documents/Work/Makers/Projects/week10/GildedRose-Refactoring-Kata/js-jasmine/src/item_types/backstage_pass_update.js":{"path":"/Users/dan/Google Drive/Documents/Work/Makers/Projects/week10/GildedRose-Refactoring-Kata/js-jasmine/src/item_types/backstage_pass_update.js","s":{"1":1,"2":1,"3":4,"4":1,"5":3,"6":1,"7":2,"8":1,"9":1},"b":{"1":[1,3],"2":[1,2],"3":[1,1]},"f":{"1":4},"fnMap":{"1":{"name":"(anonymous_1)","line":2,"loc":{"start":{"line":2,"column":24},"end":{"line":2,"column":51}}}},"statementMap":{"1":{"start":{"line":1,"column":0},"end":{"line":1,"column":41}},"2":{"start":{"line":2,"column":0},"end":{"line":12,"column":2}},"3":{"start":{"line":3,"column":2},"end":{"line":11,"column":3}},"4":{"start":{"line":4,"column":4},"end":{"line":4,"column":20}},"5":{"start":{"line":5,"column":9},"end":{"line":11,"column":3}},"6":{"start":{"line":6,"column":4},"end":{"line":6,"column":13}},"7":{"start":{"line":7,"column":9},"end":{"line":11,"column":3}},"8":{"start":{"line":8,"column":4},"end":{"line":8,"column":13}},"9":{"start":{"line":10,"column":4},"end":{"line":10,"column":13}}},"branchMap":{"1":{"line":3,"type":"if","locations":[{"start":{"line":3,"column":2},"end":{"line":3,"column":2}},{"start":{"line":3,"column":2},"end":{"line":3,"column":2}}]},"2":{"line":5,"type":"if","locations":[{"start":{"line":5,"column":9},"end":{"line":5,"column":9}},{"start":{"line":5,"column":9},"end":{"line":5,"column":9}}]},"3":{"line":7,"type":"if","locations":[{"start":{"line":7,"column":9},"end":{"line":7,"column":9}},{"start":{"line":7,"column":9},"end":{"line":7,"column":9}}]}}},"/Users/dan/Google Drive/Documents/Work/Makers/Projects/week10/GildedRose-Refactoring-Kata/js-jasmine/src/item_types/conjured_update.js":{"path":"/Users/dan/Google Drive/Documents/Work/Makers/Projects/week10/GildedRose-Refactoring-Kata/js-jasmine/src/item_types/conjured_update.js","s":{"1":1,"2":1,"3":2,"4":1,"5":1},"b":{"1":[1,1]},"f":{"1":2},"fnMap":{"1":{"name":"(anonymous_1)","line":2,"loc":{"start":{"line":2,"column":24},"end":{"line":2,"column":42}}}},"statementMap":{"1":{"start":{"line":1,"column":0},"end":{"line":1,"column":35}},"2":{"start":{"line":2,"column":0},"end":{"line":8,"column":2}},"3":{"start":{"line":3,"column":2},"end":{"line":7,"column":3}},"4":{"start":{"line":4,"column":4},"end":{"line":4,"column":14}},"5":{"start":{"line":6,"column":4},"end":{"line":6,"column":14}}},"branchMap":{"1":{"line":3,"type":"if","locations":[{"start":{"line":3,"column":2},"end":{"line":3,"column":2}},{"start":{"line":3,"column":2},"end":{"line":3,"column":2}}]}}},"/Users/dan/Google Drive/Documents/Work/Makers/Projects/week10/GildedRose-Refactoring-Kata/js-jasmine/src/item_types/sulfuras_update.js":{"path":"/Users/dan/Google Drive/Documents/Work/Makers/Projects/week10/GildedRose-Refactoring-Kata/js-jasmine/src/item_types/sulfuras_update.js","s":{"1":1,"2":1,"3":1},"b":{},"f":{"1":1},"fnMap":{"1":{"name":"(anonymous_1)","line":2,"loc":{"start":{"line":2,"column":24},"end":{"line":2,"column":36}}}},"statementMap":{"1":{"start":{"line":1,"column":0},"end":{"line":1,"column":35}},"2":{"start":{"line":2,"column":0},"end":{"line":4,"column":2}},"3":{"start":{"line":3,"column":2},"end":{"line":3,"column":11}}},"branchMap":{}},"/Users/dan/Google Drive/Documents/Work/Makers/Projects/week10/GildedRose-Refactoring-Kata/js-jasmine/src/standard_update.js":{"path":"/Users/dan/Google Drive/Documents/Work/Makers/Projects/week10/GildedRose-Refactoring-Kata/js-jasmine/src/standard_update.js","s":{"1":1,"2":5,"3":2,"4":3},"b":{"1":[2,3]},"f":{"1":5},"fnMap":{"1":{"name":"(anonymous_1)","line":1,"loc":{"start":{"line":1,"column":24},"end":{"line":1,"column":42}}}},"statementMap":{"1":{"start":{"line":1,"column":0},"end":{"line":7,"column":2}},"2":{"start":{"line":2,"column":2},"end":{"line":6,"column":3}},"3":{"start":{"line":3,"column":4},"end":{"line":3,"column":14}},"4":{"start":{"line":5,"column":4},"end":{"line":5,"column":14}}},"branchMap":{"1":{"line":2,"type":"if","locations":[{"start":{"line":2,"column":2},"end":{"line":2,"column":2}},{"start":{"line":2,"column":2},"end":{"line":2,"column":2}}]}}},"/Users/dan/Google Drive/Documents/Work/Makers/Projects/week10/GildedRose-Refactoring-Kata/js-jasmine/spec/texttest_fixture.js":{"path":"/Users/dan/Google Drive/Documents/Work/Makers/Projects/week10/GildedRose-Refactoring-Kata/js-jasmine/spec/texttest_fixture.js","s":{"1":0,"2":0,"3":0,"4":0,"5":0,"6":0,"7":0,"8":0,"9":0,"10":0,"11":0,"12":0},"b":{"1":[0,0]},"f":{},"fnMap":{},"statementMap":{"1":{"start":{"line":2,"column":0},"end":{"line":2,"column":40}},"2":{"start":{"line":3,"column":0},"end":{"line":3,"column":40}},"3":{"start":{"line":5,"column":0},"end":{"line":17,"column":2}},"4":{"start":{"line":19,"column":0},"end":{"line":19,"column":42}},"5":{"start":{"line":20,"column":0},"end":{"line":20,"column":35}},"6":{"start":{"line":22,"column":0},"end":{"line":22,"column":23}},"7":{"start":{"line":23,"column":0},"end":{"line":28,"column":1}},"8":{"start":{"line":24,"column":2},"end":{"line":24,"column":48}},"9":{"start":{"line":25,"column":2},"end":{"line":25,"column":39}},"10":{"start":{"line":26,"column":2},"end":{"line":26,"column":86}},"11":{"start":{"line":26,"column":24},"end":{"line":26,"column":84}},"12":{"start":{"line":27,"column":2},"end":{"line":27,"column":29}}},"branchMap":{"1":{"line":19,"type":"binary-expr","locations":[{"start":{"line":19,"column":13},"end":{"line":19,"column":36}},{"start":{"line":19,"column":40},"end":{"line":19,"column":41}}]}}},"/Users/dan/Google Drive/Documents/Work/Makers/Projects/week10/GildedRose-Refactoring-Kata/js-jasmine/src/item.js":{"path":"/Users/dan/Google Drive/Documents/Work/Makers/Projects/week10/GildedRose-Refactoring-Kata/js-jasmine/src/item.js","s":{"1":0,"2":0,"3":0,"4":0},"b":{},"f":{"1":0},"fnMap":{"1":{"name":"(anonymous_1)","line":2,"loc":{"start":{"line":2,"column":13},"end":{"line":2,"column":37}}}},"statementMap":{"1":{"start":{"line":3,"column":4},"end":{"line":3,"column":21}},"2":{"start":{"line":4,"column":4},"end":{"line":4,"column":25}},"3":{"start":{"line":5,"column":4},"end":{"line":5,"column":27}},"4":{"start":{"line":8,"column":0},"end":{"line":10,"column":2}}},"branchMap":{}}}