TN:
SF:/Users/dan/Google Drive/Documents/Work/Makers/Projects/week10/GildedRose-Refactoring-Kata/js-jasmine/spec/shop_spec.js
FNF:0
FNH:0
DA:1,1
DA:3,1
DA:4,1
DA:9,1
DA:10,1
DA:11,1
DA:12,1
DA:13,5
DA:15,1
DA:16,1
DA:17,1
DA:19,1
DA:20,1
DA:21,1
DA:22,1
DA:24,1
DA:25,1
DA:26,1
DA:27,1
DA:28,1
DA:30,1
DA:31,1
DA:32,1
DA:33,1
DA:34,1
DA:36,1
DA:37,1
DA:38,1
DA:39,1
DA:43,1
DA:44,1
DA:45,2
DA:47,1
DA:48,1
DA:49,1
DA:50,1
DA:51,1
DA:53,1
DA:54,1
DA:55,1
DA:56,1
DA:60,1
DA:61,1
DA:62,1
DA:64,1
DA:65,1
DA:66,1
DA:67,1
DA:68,1
DA:69,1
DA:73,1
DA:74,1
DA:75,4
DA:77,1
DA:78,1
DA:79,1
DA:80,1
DA:81,1
DA:83,1
DA:84,1
DA:85,1
DA:86,1
DA:87,1
DA:89,1
DA:90,1
DA:91,1
DA:92,1
DA:93,1
DA:95,1
DA:96,1
DA:97,1
DA:98,1
DA:99,1
DA:103,1
DA:104,1
DA:105,2
DA:107,1
DA:108,1
DA:109,1
DA:110,1
DA:111,1
DA:113,1
DA:114,1
DA:115,1
DA:116,1
DA:117,1
LF:86
LH:86
BRF:0
BRH:0
end_of_record
TN:
SF:/Users/dan/Google Drive/Documents/Work/Makers/Projects/week10/GildedRose-Refactoring-Kata/js-jasmine/src/shop.js
FN:6,(anonymous_1)
FN:12,(anonymous_2)
FN:17,(anonymous_3)
FN:24,(anonymous_4)
FN:29,(anonymous_5)
FN:34,(anonymous_6)
FN:43,(anonymous_7)
FN:49,(anonymous_8)
FN:54,(anonymous_9)
FN:60,(anonymous_10)
FNF:10
FNH:10
FNDA:4,(anonymous_1)
FNDA:1,(anonymous_2)
FNDA:14,(anonymous_3)
FNDA:14,(anonymous_4)
FNDA:14,(anonymous_5)
FNDA:14,(anonymous_6)
FNDA:14,(anonymous_7)
FNDA:14,(anonymous_8)
FNDA:14,(anonymous_9)
FNDA:14,(anonymous_10)
DA:1,1
DA:4,1
DA:6,1
DA:7,4
DA:10,1
DA:13,1
DA:14,1
DA:15,1
DA:18,14
DA:19,14
DA:21,14
DA:25,14
DA:26,14
DA:30,14
DA:31,14
DA:35,14
DA:36,40
DA:37,9
DA:40,5
DA:44,14
DA:45,13
DA:50,14
DA:51,14
DA:55,14
DA:56,1
DA:61,14
DA:62,1
DA:66,1
LF:28
LH:28
BRDA:36,1,0,9
BRDA:36,1,1,31
BRDA:44,2,0,13
BRDA:44,2,1,1
BRDA:55,3,0,1
BRDA:55,3,1,13
BRDA:61,4,0,1
BRDA:61,4,1,13
BRF:8
BRH:8
end_of_record
TN:
SF:/Users/dan/Google Drive/Documents/Work/Makers/Projects/week10/GildedRose-Refactoring-Kata/js-jasmine/src/item_types/aged_brie_update.js
FN:2,(anonymous_1)
FNF:1
FNH:1
FNDA:2,(anonymous_1)
DA:1,1
DA:2,1
DA:3,2
DA:4,0
DA:6,2
LF:5
LH:4
BRDA:3,1,0,0
BRDA:3,1,1,2
BRF:2
BRH:1
end_of_record
TN:
SF:/Users/dan/Google Drive/Documents/Work/Makers/Projects/week10/GildedRose-Refactoring-Kata/js-jasmine/src/item_types/backstage_pass_update.js
FN:2,(anonymous_1)
FNF:1
FNH:1
FNDA:4,(anonymous_1)
DA:1,1
DA:2,1
DA:3,4
DA:4,1
DA:5,3
DA:6,1
DA:7,2
DA:8,1
DA:10,1
LF:9
LH:9
BRDA:3,1,0,1
BRDA:3,1,1,3
BRDA:5,2,0,1
BRDA:5,2,1,2
BRDA:7,3,0,1
BRDA:7,3,1,1
BRF:6
BRH:6
end_of_record
TN:
SF:/Users/dan/Google Drive/Documents/Work/Makers/Projects/week10/GildedRose-Refactoring-Kata/js-jasmine/src/item_types/conjured_update.js
FN:2,(anonymous_1)
FNF:1
FNH:1
FNDA:2,(anonymous_1)
DA:1,1
DA:2,1
DA:3,2
DA:4,1
DA:6,1
LF:5
LH:5
BRDA:3,1,0,1
BRDA:3,1,1,1
BRF:2
BRH:2
end_of_record
TN:
SF:/Users/dan/Google Drive/Documents/Work/Makers/Projects/week10/GildedRose-Refactoring-Kata/js-jasmine/src/item_types/sulfuras_update.js
FN:2,(anonymous_1)
FNF:1
FNH:1
FNDA:1,(anonymous_1)
DA:1,1
DA:2,1
DA:3,1
LF:3
LH:3
BRF:0
BRH:0
end_of_record
TN:
SF:/Users/dan/Google Drive/Documents/Work/Makers/Projects/week10/GildedRose-Refactoring-Kata/js-jasmine/src/standard_update.js
FN:1,(anonymous_1)
FNF:1
FNH:1
FNDA:5,(anonymous_1)
DA:1,1
DA:2,5
DA:3,2
DA:5,3
LF:4
LH:4
BRDA:2,1,0,2
BRDA:2,1,1,3
BRF:2
BRH:2
end_of_record
TN:
SF:/Users/dan/Google Drive/Documents/Work/Makers/Projects/week10/GildedRose-Refactoring-Kata/js-jasmine/spec/texttest_fixture.js
FNF:0
FNH:0
DA:2,0
DA:3,0
DA:5,0
DA:19,0
DA:20,0
DA:22,0
DA:23,0
DA:24,0
DA:25,0
DA:26,0
DA:27,0
LF:11
LH:0
BRDA:19,1,0,0
BRDA:19,1,1,0
BRF:2
BRH:0
end_of_record
TN:
SF:/Users/dan/Google Drive/Documents/Work/Makers/Projects/week10/GildedRose-Refactoring-Kata/js-jasmine/src/item.js
FN:2,(anonymous_1)
FNF:1
FNH:0
FNDA:0,(anonymous_1)
DA:3,0
DA:4,0
DA:5,0
DA:8,0
LF:4
LH:0
BRF:0
BRH:0
end_of_record
