{"/home/spoutnik/APPS/gildedRose/GildedRose-Refactoring-Kata/js-jest/src/gilded_rose.js": {"path":"/home/spoutnik/APPS/gildedRose/GildedRose-Refactoring-Kata/js-jest/src/gilded_rose.js","statementMap":{"0":{"start":{"line":3,"column":4},"end":{"line":3,"column":21}},"1":{"start":{"line":4,"column":4},"end":{"line":4,"column":25}},"2":{"start":{"line":5,"column":4},"end":{"line":5,"column":27}},"3":{"start":{"line":11,"column":4},"end":{"line":11,"column":23}},"4":{"start":{"line":14,"column":4},"end":{"line":58,"column":5}},"5":{"start":{"line":14,"column":17},"end":{"line":14,"column":18}},"6":{"start":{"line":15,"column":6},"end":{"line":37,"column":7}},"7":{"start":{"line":16,"column":8},"end":{"line":20,"column":9}},"8":{"start":{"line":17,"column":10},"end":{"line":19,"column":11}},"9":{"start":{"line":18,"column":12},"end":{"line":18,"column":62}},"10":{"start":{"line":22,"column":8},"end":{"line":36,"column":9}},"11":{"start":{"line":23,"column":10},"end":{"line":23,"column":60}},"12":{"start":{"line":24,"column":10},"end":{"line":35,"column":11}},"13":{"start":{"line":25,"column":12},"end":{"line":29,"column":13}},"14":{"start":{"line":26,"column":14},"end":{"line":28,"column":15}},"15":{"start":{"line":27,"column":16},"end":{"line":27,"column":66}},"16":{"start":{"line":30,"column":12},"end":{"line":34,"column":13}},"17":{"start":{"line":31,"column":14},"end":{"line":33,"column":15}},"18":{"start":{"line":32,"column":16},"end":{"line":32,"column":66}},"19":{"start":{"line":38,"column":6},"end":{"line":40,"column":7}},"20":{"start":{"line":39,"column":8},"end":{"line":39,"column":56}},"21":{"start":{"line":41,"column":6},"end":{"line":57,"column":7}},"22":{"start":{"line":42,"column":8},"end":{"line":56,"column":9}},"23":{"start":{"line":43,"column":10},"end":{"line":51,"column":11}},"24":{"start":{"line":44,"column":12},"end":{"line":48,"column":13}},"25":{"start":{"line":45,"column":14},"end":{"line":47,"column":15}},"26":{"start":{"line":46,"column":16},"end":{"line":46,"column":66}},"27":{"start":{"line":50,"column":12},"end":{"line":50,"column":82}},"28":{"start":{"line":53,"column":10},"end":{"line":55,"column":11}},"29":{"start":{"line":54,"column":12},"end":{"line":54,"column":62}},"30":{"start":{"line":60,"column":4},"end":{"line":60,"column":22}},"31":{"start":{"line":64,"column":0},"end":{"line":67,"column":1}}},"fnMap":{"0":{"name":"(anonymous_0)","decl":{"start":{"line":2,"column":2},"end":{"line":2,"column":3}},"loc":{"start":{"line":2,"column":36},"end":{"line":6,"column":3}},"line":2},"1":{"name":"(anonymous_1)","decl":{"start":{"line":10,"column":2},"end":{"line":10,"column":3}},"loc":{"start":{"line":10,"column":23},"end":{"line":12,"column":3}},"line":10},"2":{"name":"(anonymous_2)","decl":{"start":{"line":13,"column":2},"end":{"line":13,"column":3}},"loc":{"start":{"line":13,"column":18},"end":{"line":61,"column":3}},"line":13}},"branchMap":{"0":{"loc":{"start":{"line":10,"column":14},"end":{"line":10,"column":22}},"type":"default-arg","locations":[{"start":{"line":10,"column":20},"end":{"line":10,"column":22}}],"line":10},"1":{"loc":{"start":{"line":15,"column":6},"end":{"line":37,"column":7}},"type":"if","locations":[{"start":{"line":15,"column":6},"end":{"line":37,"column":7}},{"start":{"line":15,"column":6},"end":{"line":37,"column":7}}],"line":15},"2":{"loc":{"start":{"line":15,"column":10},"end":{"line":15,"column":112}},"type":"binary-expr","locations":[{"start":{"line":15,"column":10},"end":{"line":15,"column":43}},{"start":{"line":15,"column":47},"end":{"line":15,"column":112}}],"line":15},"3":{"loc":{"start":{"line":16,"column":8},"end":{"line":20,"column":9}},"type":"if","locations":[{"start":{"line":16,"column":8},"end":{"line":20,"column":9}},{"start":{"line":16,"column":8},"end":{"line":20,"column":9}}],"line":16},"4":{"loc":{"start":{"line":17,"column":10},"end":{"line":19,"column":11}},"type":"if","locations":[{"start":{"line":17,"column":10},"end":{"line":19,"column":11}},{"start":{"line":17,"column":10},"end":{"line":19,"column":11}}],"line":17},"5":{"loc":{"start":{"line":22,"column":8},"end":{"line":36,"column":9}},"type":"if","locations":[{"start":{"line":22,"column":8},"end":{"line":36,"column":9}},{"start":{"line":22,"column":8},"end":{"line":36,"column":9}}],"line":22},"6":{"loc":{"start":{"line":24,"column":10},"end":{"line":35,"column":11}},"type":"if","locations":[{"start":{"line":24,"column":10},"end":{"line":35,"column":11}},{"start":{"line":24,"column":10},"end":{"line":35,"column":11}}],"line":24},"7":{"loc":{"start":{"line":25,"column":12},"end":{"line":29,"column":13}},"type":"if","locations":[{"start":{"line":25,"column":12},"end":{"line":29,"column":13}},{"start":{"line":25,"column":12},"end":{"line":29,"column":13}}],"line":25},"8":{"loc":{"start":{"line":26,"column":14},"end":{"line":28,"column":15}},"type":"if","locations":[{"start":{"line":26,"column":14},"end":{"line":28,"column":15}},{"start":{"line":26,"column":14},"end":{"line":28,"column":15}}],"line":26},"9":{"loc":{"start":{"line":30,"column":12},"end":{"line":34,"column":13}},"type":"if","locations":[{"start":{"line":30,"column":12},"end":{"line":34,"column":13}},{"start":{"line":30,"column":12},"end":{"line":34,"column":13}}],"line":30},"10":{"loc":{"start":{"line":31,"column":14},"end":{"line":33,"column":15}},"type":"if","locations":[{"start":{"line":31,"column":14},"end":{"line":33,"column":15}},{"start":{"line":31,"column":14},"end":{"line":33,"column":15}}],"line":31},"11":{"loc":{"start":{"line":38,"column":6},"end":{"line":40,"column":7}},"type":"if","locations":[{"start":{"line":38,"column":6},"end":{"line":40,"column":7}},{"start":{"line":38,"column":6},"end":{"line":40,"column":7}}],"line":38},"12":{"loc":{"start":{"line":41,"column":6},"end":{"line":57,"column":7}},"type":"if","locations":[{"start":{"line":41,"column":6},"end":{"line":57,"column":7}},{"start":{"line":41,"column":6},"end":{"line":57,"column":7}}],"line":41},"13":{"loc":{"start":{"line":42,"column":8},"end":{"line":56,"column":9}},"type":"if","locations":[{"start":{"line":42,"column":8},"end":{"line":56,"column":9}},{"start":{"line":42,"column":8},"end":{"line":56,"column":9}}],"line":42},"14":{"loc":{"start":{"line":43,"column":10},"end":{"line":51,"column":11}},"type":"if","locations":[{"start":{"line":43,"column":10},"end":{"line":51,"column":11}},{"start":{"line":43,"column":10},"end":{"line":51,"column":11}}],"line":43},"15":{"loc":{"start":{"line":44,"column":12},"end":{"line":48,"column":13}},"type":"if","locations":[{"start":{"line":44,"column":12},"end":{"line":48,"column":13}},{"start":{"line":44,"column":12},"end":{"line":48,"column":13}}],"line":44},"16":{"loc":{"start":{"line":45,"column":14},"end":{"line":47,"column":15}},"type":"if","locations":[{"start":{"line":45,"column":14},"end":{"line":47,"column":15}},{"start":{"line":45,"column":14},"end":{"line":47,"column":15}}],"line":45},"17":{"loc":{"start":{"line":53,"column":10},"end":{"line":55,"column":11}},"type":"if","locations":[{"start":{"line":53,"column":10},"end":{"line":55,"column":11}},{"start":{"line":53,"column":10},"end":{"line":55,"column":11}}],"line":53}},"s":{"0":16,"1":16,"2":16,"3":16,"4":16,"5":16,"6":16,"7":7,"8":6,"9":3,"10":9,"11":8,"12":8,"13":6,"14":5,"15":4,"16":6,"17":3,"18":2,"19":16,"20":13,"21":16,"22":5,"23":3,"24":2,"25":2,"26":1,"27":1,"28":2,"29":1,"30":16,"31":1},"f":{"0":16,"1":16,"2":16},"b":{"0":[0],"1":[7,9],"2":[16,13],"3":[6,1],"4":[3,3],"5":[8,1],"6":[6,2],"7":[5,1],"8":[4,1],"9":[3,3],"10":[2,1],"11":[13,3],"12":[5,11],"13":[3,2],"14":[2,1],"15":[2,0],"16":[1,1],"17":[1,1]},"_coverageSchema":"43e27e138ebf9cfc5966b082cf9a028302ed4184","hash":"4ee39c39966f40ee51a7125ed78996e8caf2de6f"}
}
